{"sessionId": "c65e53", "runId": "initial", "hypothesisId": "H3", "location": "scripts/slide/slide.py:158", "message": "main_entry", "data": {"argv_mode": "direct_script"}, "timestamp": 1780183156333}
{"sessionId": "c65e53", "runId": "initial", "hypothesisId": "H3", "location": "scripts/slide/slide.py:31", "message": "select_device_enter", "data": {}, "timestamp": 1780183156334}
{"sessionId": "c65e53", "runId": "initial", "hypothesisId": "H4", "location": "scripts/slide/slide.py:40", "message": "adb_devices_result", "data": {"returncode": 0, "stdout": "List of devices attached\nCLBGL18911000061\tunauthorized\n\n", "stderr": "* daemon not running; starting now at tcp:5037\n* daemon started successfully\n"}, "timestamp": 1780183161499}
{"sessionId": "c65e53", "runId": "initial", "hypothesisId": "H4", "location": "scripts/slide/slide.py:52", "message": "no_device_detected", "data": {}, "timestamp": 1780183161501}
{"sessionId": "c65e53", "runId": "initial", "hypothesisId": "H3", "location": "scripts/slide/slide.py:158", "message": "main_entry", "data": {"argv_mode": "direct_script"}, "timestamp": 1780183166675}
{"sessionId": "c65e53", "runId": "initial", "hypothesisId": "H3", "location": "scripts/slide/slide.py:31", "message": "select_device_enter", "data": {}, "timestamp": 1780183166675}
{"sessionId": "c65e53", "runId": "initial", "hypothesisId": "H4", "location": "scripts/slide/slide.py:40", "message": "adb_devices_result", "data": {"returncode": 0, "stdout": "List of devices attached\nCLBGL18911000061\tdevice\n\n", "stderr": ""}, "timestamp": 1780183166700}
{"sessionId": "c65e53", "runId": "initial", "hypothesisId": "H3", "location": "scripts/slide/slide.py:158", "message": "main_entry", "data": {"argv_mode": "direct_script"}, "timestamp": 1780185204909}
{"sessionId": "c65e53", "runId": "initial", "hypothesisId": "H3", "location": "scripts/slide/slide.py:31", "message": "select_device_enter", "data": {}, "timestamp": 1780185204909}
{"sessionId": "c65e53", "runId": "initial", "hypothesisId": "H4", "location": "scripts/slide/slide.py:40", "message": "adb_devices_result", "data": {"returncode": 0, "stdout": "List of devices attached\nCLBGL18911000061\tdevice\n\n", "stderr": ""}, "timestamp": 1780185204934}
{"sessionId": "c65e53", "runId": "initial", "hypothesisId": "H3", "location": "scripts/slide/slide.py:158", "message": "main_entry", "data": {"argv_mode": "direct_script"}, "timestamp": 1780185780910}
{"sessionId": "c65e53", "runId": "initial", "hypothesisId": "H3", "location": "scripts/slide/slide.py:31", "message": "select_device_enter", "data": {}, "timestamp": 1780185780911}
{"sessionId": "c65e53", "runId": "initial", "hypothesisId": "H4", "location": "scripts/slide/slide.py:40", "message": "adb_devices_result", "data": {"returncode": 0, "stdout": "List of devices attached\nCLBGL18911000061\tdevice\n\n", "stderr": ""}, "timestamp": 1780185780936}
{"sessionId": "c65e53", "runId": "initial", "hypothesisId": "H3", "location": "scripts/slide/slide.py:158", "message": "main_entry", "data": {"argv_mode": "direct_script"}, "timestamp": 1780186314328}
{"sessionId": "c65e53", "runId": "initial", "hypothesisId": "H3", "location": "scripts/slide/slide.py:31", "message": "select_device_enter", "data": {}, "timestamp": 1780186314328}
{"sessionId": "c65e53", "runId": "initial", "hypothesisId": "H4", "location": "scripts/slide/slide.py:40", "message": "adb_devices_result", "data": {"returncode": 0, "stdout": "List of devices attached\nCLBGL18911000061\tdevice\n\n", "stderr": ""}, "timestamp": 1780186314352}
{"sessionId": "c65e53", "runId": "initial", "hypothesisId": "H3", "location": "scripts/slide/slide.py:158", "message": "main_entry", "data": {"argv_mode": "direct_script"}, "timestamp": 1780187300772}
{"sessionId": "c65e53", "runId": "initial", "hypothesisId": "H3", "location": "scripts/slide/slide.py:31", "message": "select_device_enter", "data": {}, "timestamp": 1780187300772}
{"sessionId": "c65e53", "runId": "initial", "hypothesisId": "H4", "location": "scripts/slide/slide.py:40", "message": "adb_devices_result", "data": {"returncode": 0, "stdout": "List of devices attached\nCLBGL18911000061\tdevice\n\n", "stderr": ""}, "timestamp": 1780187300797}
{"sessionId": "c65e53", "runId": "initial", "hypothesisId": "H3", "location": "scripts/slide/slide.py:158", "message": "main_entry", "data": {"argv_mode": "direct_script"}, "timestamp": 1780187648290}
{"sessionId": "c65e53", "runId": "initial", "hypothesisId": "H3", "location": "scripts/slide/slide.py:31", "message": "select_device_enter", "data": {}, "timestamp": 1780187648290}
{"sessionId": "c65e53", "runId": "initial", "hypothesisId": "H4", "location": "scripts/slide/slide.py:40", "message": "adb_devices_result", "data": {"returncode": 0, "stdout": "List of devices attached\nCLBGL18911000061\tdevice\n\n", "stderr": ""}, "timestamp": 1780187648315}
{"sessionId": "c65e53", "runId": "initial", "hypothesisId": "H3", "location": "scripts/slide/slide.py:158", "message": "main_entry", "data": {"argv_mode": "direct_script"}, "timestamp": 1780231360511}
{"sessionId": "c65e53", "runId": "initial", "hypothesisId": "H3", "location": "scripts/slide/slide.py:31", "message": "select_device_enter", "data": {}, "timestamp": 1780231360511}
{"sessionId": "c65e53", "runId": "initial", "hypothesisId": "H4", "location": "scripts/slide/slide.py:40", "message": "adb_devices_result", "data": {"returncode": 0, "stdout": "List of devices attached\nCLBGL18911000061\tunauthorized\n\n", "stderr": "* daemon not running; starting now at tcp:5037\n* daemon started successfully\n"}, "timestamp": 1780231365730}
{"sessionId": "c65e53", "runId": "initial", "hypothesisId": "H4", "location": "scripts/slide/slide.py:52", "message": "no_device_detected", "data": {}, "timestamp": 1780231365732}
{"sessionId": "c65e53", "runId": "initial", "hypothesisId": "H3", "location": "scripts/slide/slide.py:158", "message": "main_entry", "data": {"argv_mode": "direct_script"}, "timestamp": 1780231371160}
{"sessionId": "c65e53", "runId": "initial", "hypothesisId": "H3", "location": "scripts/slide/slide.py:31", "message": "select_device_enter", "data": {}, "timestamp": 1780231371161}
{"sessionId": "c65e53", "runId": "initial", "hypothesisId": "H4", "location": "scripts/slide/slide.py:40", "message": "adb_devices_result", "data": {"returncode": 0, "stdout": "List of devices attached\nCLBGL18911000061\tdevice\n\n", "stderr": ""}, "timestamp": 1780231371185}
{"sessionId": "c65e53", "runId": "initial", "hypothesisId": "H3", "location": "scripts/slide/slide.py:158", "message": "main_entry", "data": {"argv_mode": "direct_script"}, "timestamp": 1780313182040}
{"sessionId": "c65e53", "runId": "initial", "hypothesisId": "H3", "location": "scripts/slide/slide.py:31", "message": "select_device_enter", "data": {}, "timestamp": 1780313182041}
{"sessionId": "c65e53", "runId": "initial", "hypothesisId": "H4", "location": "scripts/slide/slide.py:40", "message": "adb_devices_result", "data": {"returncode": 0, "stdout": "List of devices attached\nCLBGL18911000061\tdevice\n\n", "stderr": "* daemon not running; starting now at tcp:5037\n* daemon started successfully\n"}, "timestamp": 1780313187285}
{"sessionId": "c65e53", "runId": "initial", "hypothesisId": "H3", "location": "scripts/slide/slide.py:158", "message": "main_entry", "data": {"argv_mode": "direct_script"}, "timestamp": 1780319241940}
{"sessionId": "c65e53", "runId": "initial", "hypothesisId": "H3", "location": "scripts/slide/slide.py:31", "message": "select_device_enter", "data": {}, "timestamp": 1780319241940}
{"sessionId": "c65e53", "runId": "initial", "hypothesisId": "H4", "location": "scripts/slide/slide.py:40", "message": "adb_devices_result", "data": {"returncode": 0, "stdout": "List of devices attached\nCLBGL18911000061\tdevice\n\n", "stderr": ""}, "timestamp": 1780319241970}
{"sessionId": "c65e53", "runId": "initial", "hypothesisId": "H3", "location": "scripts/slide/slide.py:158", "message": "main_entry", "data": {"argv_mode": "direct_script"}, "timestamp": 1780322194816}
{"sessionId": "c65e53", "runId": "initial", "hypothesisId": "H3", "location": "scripts/slide/slide.py:31", "message": "select_device_enter", "data": {}, "timestamp": 1780322194816}
{"sessionId": "c65e53", "runId": "initial", "hypothesisId": "H4", "location": "scripts/slide/slide.py:40", "message": "adb_devices_result", "data": {"returncode": 0, "stdout": "List of devices attached\n2077412f\tdevice\n\n", "stderr": ""}, "timestamp": 1780322194842}
{"sessionId": "c65e53", "runId": "initial", "hypothesisId": "H3", "location": "scripts/slide/slide.py:158", "message": "main_entry", "data": {"argv_mode": "direct_script"}, "timestamp": 1780398698380}
{"sessionId": "c65e53", "runId": "initial", "hypothesisId": "H3", "location": "scripts/slide/slide.py:31", "message": "select_device_enter", "data": {}, "timestamp": 1780398698381}
{"sessionId": "c65e53", "runId": "initial", "hypothesisId": "H4", "location": "scripts/slide/slide.py:40", "message": "adb_devices_result", "data": {"returncode": 0, "stdout": "List of devices attached\nCLBGL18911000061\tdevice\n\n", "stderr": "* daemon not running; starting now at tcp:5037\n* daemon started successfully\n"}, "timestamp": 1780398703604}
{"sessionId": "c65e53", "runId": "initial", "hypothesisId": "H3", "location": "scripts/slide/slide.py:158", "message": "main_entry", "data": {"argv_mode": "direct_script"}, "timestamp": 1780408067930}
{"sessionId": "c65e53", "runId": "initial", "hypothesisId": "H3", "location": "scripts/slide/slide.py:31", "message": "select_device_enter", "data": {}, "timestamp": 1780408067931}
{"sessionId": "c65e53", "runId": "initial", "hypothesisId": "H4", "location": "scripts/slide/slide.py:40", "message": "adb_devices_result", "data": {"returncode": 0, "stdout": "List of devices attached\nCLBGL18911000061\tdevice\n\n", "stderr": ""}, "timestamp": 1780408067965}
{"sessionId": "c65e53", "runId": "initial", "hypothesisId": "H3", "location": "scripts/slide/slide.py:158", "message": "main_entry", "data": {"argv_mode": "direct_script"}, "timestamp": 1780411419013}
{"sessionId": "c65e53", "runId": "initial", "hypothesisId": "H3", "location": "scripts/slide/slide.py:31", "message": "select_device_enter", "data": {}, "timestamp": 1780411419014}
{"sessionId": "c65e53", "runId": "initial", "hypothesisId": "H4", "location": "scripts/slide/slide.py:40", "message": "adb_devices_result", "data": {"returncode": 0, "stdout": "List of devices attached\nCLBGL18911000061\tdevice\n\n", "stderr": ""}, "timestamp": 1780411419044}
{"sessionId": "c65e53", "runId": "initial", "hypothesisId": "H3", "location": "scripts/slide/slide.py:158", "message": "main_entry", "data": {"argv_mode": "direct_script"}, "timestamp": 1780486338233}
{"sessionId": "c65e53", "runId": "initial", "hypothesisId": "H3", "location": "scripts/slide/slide.py:31", "message": "select_device_enter", "data": {}, "timestamp": 1780486338234}
{"sessionId": "c65e53", "runId": "initial", "hypothesisId": "H4", "location": "scripts/slide/slide.py:40", "message": "adb_devices_result", "data": {"returncode": 0, "stdout": "List of devices attached\nCLBGL18911000061\tdevice\n\n", "stderr": "* daemon not running; starting now at tcp:5037\n* daemon started successfully\n"}, "timestamp": 1780486343415}
